c:\users\lzh\documents\cppprogram\vtd\x64\debug\vc143.pdb
c:\users\lzh\documents\cppprogram\vtd\x64\debug\vc143.idb
c:\users\lzh\documents\cppprogram\vtd\x64\debug\main.obj
c:\users\lzh\documents\cppprogram\vtd\x64\debug\vtd.obj
c:\users\lzh\documents\cppprogram\vtd\x64\debug\crs.obj
c:\users\lzh\documents\cppprogram\vtd\x64\debug\util.obj
c:\users\lzh\documents\cppprogram\vtd\x64\debug\shamir.obj
c:\users\lzh\documents\cppprogram\vtd\x64\debug\puzzle.obj
c:\users\lzh\documents\cppprogram\vtd\x64\debug\params.obj
c:\users\lzh\documents\cppprogram\vtd\x64\debug\nizk.obj
c:\users\lzh\documents\cppprogram\vtd\x64\debug\lhp.obj
c:\users\lzh\documents\cppprogram\vtd\x64\debug\lhp.exe
c:\users\lzh\documents\cppprogram\vtd\x64\debug\lhp.ilk
c:\users\lzh\documents\cppprogram\vtd\x64\debug\lhp.pdb
c:\users\lzh\documents\cppprogram\vtd\x64\debug\lhp.tlog\cl.command.1.tlog
c:\users\lzh\documents\cppprogram\vtd\x64\debug\lhp.tlog\cl.items.tlog
c:\users\lzh\documents\cppprogram\vtd\x64\debug\lhp.tlog\cl.read.1.tlog
c:\users\lzh\documents\cppprogram\vtd\x64\debug\lhp.tlog\cl.write.1.tlog
c:\users\lzh\documents\cppprogram\vtd\x64\debug\lhp.tlog\link.command.1.tlog
c:\users\lzh\documents\cppprogram\vtd\x64\debug\lhp.tlog\link.read.1.tlog
c:\users\lzh\documents\cppprogram\vtd\x64\debug\lhp.tlog\link.write.1.tlog
